SpeechBrain system description
==============================
Python version:
3.7.1 (default, Dec 14 2018, 19:28:38) 
[GCC 7.3.0]
==============================
Installed Python packages:
absl-py==0.9.0
alabaster==0.7.12
anaconda-client==1.7.2
anaconda-navigator==1.9.6
anaconda-project==0.8.3
appdirs==1.4.4
argh==0.26.2
asn1crypto==1.3.0
astor==0.8.0
astroid==2.4.0
astropy==4.0.1.post1
atomicwrites==1.4.0
attrs==19.3.0
audioread==2.1.8
autopep8==1.4.4
Babel==2.8.0
backcall==0.1.0
backports.shutil-get-terminal-size==1.0.0
beautifulsoup4==4.9.0
bitarray==1.2.1
bkcharts==0.2
black==19.10b0
bleach==3.1.4
blinker==1.4
bokeh==2.0.2
boto==2.49.0
Bottleneck==1.3.2
cachetools==3.1.1
certifi==2020.4.5.1
cffi==1.14.0
cfgv==3.3.0
chardet==3.0.4
click==7.1.1
cloudpickle==1.4.1
clyent==1.2.2
colorama==0.4.3
conda==4.8.3
conda-build==3.17.6
conda-package-handling==1.7.0
conda-verify==3.1.1
contextlib2==0.6.0.post1
cryptography==2.8
cycler==0.10.0
Cython==0.29.17
cytoolz==0.10.1
dask==2.15.0
datasets==1.8.0
decorator==4.4.2
defusedxml==0.6.0
diff-match-patch==20181111
dill==0.3.4
distlib==0.3.2
distributed==2.15.2
docopt==0.6.2
docutils==0.16
entrypoints==0.3
et-xmlfile==1.0.1
faiss==1.6.3
fastcache==1.1.0
filelock==3.0.12
flake8==3.7.9
Flask==1.1.2
fsspec==0.7.1
future==0.18.2
gast==0.2.2
gevent==1.4.0
glob2==0.7
gmpy2==2.0.8
google-auth==1.14.1
google-auth-oauthlib==0.4.1
google-pasta==0.2.0
greenlet==0.4.15
grpcio==1.27.2
h5py==2.10.0
HeapDict==1.0.1
html5lib==1.0.1
huggingface-hub==0.0.10
HyperPyYAML==1.0.0
hypothesis==5.8.3
identify==2.2.10
idna==2.9
imageio==2.8.0
imagesize==1.2.0
importlib-metadata==1.5.0
intervaltree==3.0.2
ipykernel==5.1.4
ipython==7.13.0
ipython-genutils==0.2.0
ipywidgets==7.5.1
isort==4.3.21
itsdangerous==1.1.0
jdcal==1.4.1
jedi==0.15.2
jeepney==0.4.3
Jinja2==2.11.2
joblib==0.14.1
json5==0.9.4
jsonlines==2.0.0
jsonschema==3.2.0
jupyter==1.0.0
jupyter-client==6.1.3
jupyter-console==6.1.0
jupyter-core==4.6.3
jupyterlab==1.2.6
jupyterlab-server==1.1.1
Keras==2.3.1
Keras-Applications==1.0.8
Keras-Preprocessing==1.1.0
keyring==21.1.1
kiwisolver==1.2.0
lazy-object-proxy==1.4.3
libarchive-c==2.9
librosa==0.7.2
llvmlite==0.32.0
locket==0.2.0
loguru==0.3.2
lxml==4.5.0
Markdown==3.1.1
MarkupSafe==1.1.1
matplotlib==3.1.3
mccabe==0.6.1
mistune==0.8.4
mkl-fft==1.0.15
mkl-random==1.1.0
mkl-service==2.3.0
mock==4.0.2
more-itertools==8.2.0
mpmath==1.1.0
msgpack==1.0.0
multipledispatch==0.6.0
multiprocess==0.70.12.2
navigator-updater==0.2.1
nbconvert==5.6.1
nbformat==5.0.4
networkx==2.4
nltk==3.4.5
nodeenv==1.6.0
nose==1.3.7
notebook==6.0.3
num2word==1.0.1
num2words==0.5.10
numba==0.49.0
numexpr==2.7.1
numpy==1.17.4
numpydoc==0.9.2
oauthlib==3.1.0
olefile==0.46
openpyxl==3.0.3
opt-einsum==3.1.0
packaging==20.3
pandas==1.0.3
pandocfilters==1.4.2
parso==0.5.2
partd==1.1.0
path==13.1.0
pathlib2==2.3.5
pathspec==0.8.1
pathtools==0.1.2
patsy==0.5.1
pep8==1.7.1
pexpect==4.8.0
pickleshare==0.7.5
Pillow==7.1.2
pkginfo==1.5.0.1
pluggy==0.13.1
ply==3.11
pre-commit==2.13.0
prometheus-client==0.7.1
prompt-toolkit==3.0.4
protobuf==3.11.4
psutil==5.7.0
ptyprocess==0.6.0
py==1.8.1
pyarrow==3.0.0
pyasn1==0.4.8
pyasn1-modules==0.2.7
pycodestyle==2.5.0
pycosat==0.6.3
pycparser==2.20
pycrypto==2.6.1
pycurl==7.43.0.5
pydocstyle==4.0.1
pyflakes==2.1.1
Pygments==2.6.1
PyJWT==1.7.1
pylint==2.5.0
pyodbc===4.0.0-unsupported
pyOpenSSL==19.1.0
pyparsing==2.4.7
pypesq==1.2.4
pyrsistent==0.16.0
PySocks==1.7.1
pystoi==0.3.3
pytest==5.4.1
pytest-arraydiff==0.3
pytest-astropy==0.8.0
pytest-astropy-header==0.1.2
pytest-doctestplus==0.5.0
pytest-openfiles==0.5.0
pytest-remotedata==0.3.2
python-dateutil==2.8.1
python-jsonrpc-server==0.3.4
python-language-server==0.31.10
pytz==2020.1
PyWavelets==1.1.1
pyxdg==0.26
PyYAML==5.3.1
pyzmq==18.1.1
QDarkStyle==2.8.1
QtAwesome==0.7.0
qtconsole==4.7.3
QtPy==1.9.0
regex==2021.4.4
requests==2.23.0
requests-oauthlib==1.3.0
resampy==0.2.2
rope==0.16.0
rsa==4.0
Rtree==0.9.4
ruamel-yaml==0.15.87
ruamel.yaml.clib==0.2.2
scikit-image==0.16.2
scikit-learn==0.22.1
scipy==1.4.1
seaborn==0.10.1
SecretStorage==3.1.2
Send2Trash==1.5.0
sentencepiece==0.1.95
simplegeneric==0.8.1
singledispatch==3.4.0.3
six==1.14.0
sklearn==0.0
snowballstemmer==2.0.0
sortedcollections==1.1.2
sortedcontainers==2.1.0
SoundFile==0.10.2
soupsieve==2.0
-e git+https://github.com/speechbrain/speechbrain@22d0bd9ef2ac8294c73447655fe0e2672ae29918#egg=speechbrain
Sphinx==3.0.3
sphinxcontrib-applehelp==1.0.2
sphinxcontrib-devhelp==1.0.2
sphinxcontrib-htmlhelp==1.0.3
sphinxcontrib-jsmath==1.0.1
sphinxcontrib-qthelp==1.0.3
sphinxcontrib-serializinghtml==1.1.4
sphinxcontrib-websupport==1.2.1
spyder==4.1.2
spyder-kernels==1.9.0
SQLAlchemy==1.3.16
statsmodels==0.11.0
sympy==1.5.1
tables==3.6.1
tblib==1.6.0
tensorboard==2.1.0
tensorflow==2.0.0
tensorflow-estimator==2.0.0
termcolor==1.1.0
terminado==0.8.3
testpath==0.4.4
toml==0.10.0
toolz==0.10.0
torch==1.8.1
torchaudio==0.8.1
torchlibrosa==0.0.9
tornado==6.0.4
tqdm==4.46.0
traitlets==4.3.3
typed-ast==1.4.1
typing-extensions==3.7.4.1
ujson==1.35
unicodecsv==0.14.1
urllib3==1.25.8
virtualenv==20.4.7
watchdog==0.10.2
wcwidth==0.1.9
webencodings==0.5.1
Werkzeug==0.16.1
widgetsnbextension==3.5.1
wrapt==1.11.2
wurlitzer==2.0.0
xlrd==1.2.0
XlsxWriter==1.2.8
xlwt==1.3.0
xxhash==2.0.2
yamllint==1.23.0
yapf==0.28.0
zict==2.0.0
zipp==3.1.0
==============================
Git revision:
22d0bd9e
==============================
Cuda version:
10.2